Traceback (most recent call last):
  File "C:\Users\staci\anaconda3\lib\site-packages\jupyter_cache\executors\utils.py", line 64, in single_nb_execution
    **kwargs,
  File "C:\Users\staci\anaconda3\lib\site-packages\nbclient\client.py", line 1204, in execute
    return NotebookClient(nb=nb, resources=resources, km=km, **kwargs).execute()
  File "C:\Users\staci\anaconda3\lib\site-packages\nbclient\util.py", line 84, in wrapped
    return just_run(coro(*args, **kwargs))
  File "C:\Users\staci\anaconda3\lib\site-packages\nbclient\util.py", line 62, in just_run
    return loop.run_until_complete(coro)
  File "C:\Users\staci\anaconda3\lib\asyncio\base_events.py", line 587, in run_until_complete
    return future.result()
  File "C:\Users\staci\anaconda3\lib\site-packages\nbclient\client.py", line 664, in async_execute
    cell, index, execution_count=self.code_cells_executed + 1
  File "C:\Users\staci\anaconda3\lib\site-packages\nbclient\client.py", line 965, in async_execute_cell
    await self._check_raise_for_error(cell, cell_index, exec_reply)
  File "C:\Users\staci\anaconda3\lib\site-packages\nbclient\client.py", line 862, in _check_raise_for_error
    raise CellExecutionError.from_cell_and_msg(cell, exec_reply_content)
nbclient.exceptions.CellExecutionError: An error occurred while executing the following cell:
------------------
# Function to Generate Word Histogram
def gen_gram(df):
    
    # Concatenate all the Text, Split, and Get Words
    all_text = ' '.join(df.values)
    words = all_text.split()
    word_filt = [word for word in words if word.lower() not in [w.lower() for w in words_to_remove]]

    # Count Occurance
    word_cnt = {}
    for word in word_filt:
        if word not in word_cnt:
            word_cnt[word] = 1
        else:
            word_cnt[word] += 1

    # Sort Words
    word_sort = sorted(word_cnt.items(), key=lambda x: x[1], reverse=True)

    # Get Top 50 Words
    word_top = word_sort[:50]

    # Define Lists
    labels = []
    counts = []
    
    # Get Labels and Count
    for word, count in word_top:
        labels.append(word)
        counts.append(count)

    # Plot the histogram
    plt.figure(figsize=(10, 6))
    plt.bar(labels, counts)
    plt.xlabel('Words')
    plt.ylabel('Counts')
    plt.title('Top 50 Words')
    plt.xticks(rotation=90)
    plt.tight_layout()
    plt.show()
    
    return pd.DataFrame([labels, counts])

df_hist = gen_gram(df_unique)
------------------

[1;31m---------------------------------------------------------------------------[0m
[1;31mNameError[0m                                 Traceback (most recent call last)
[1;32m~\AppData\Local\Temp\ipykernel_15512\1159385978.py[0m in [0;36m<module>[1;34m[0m
[0;32m     42[0m     [1;32mreturn[0m [0mpd[0m[1;33m.[0m[0mDataFrame[0m[1;33m([0m[1;33m[[0m[0mlabels[0m[1;33m,[0m [0mcounts[0m[1;33m][0m[1;33m)[0m[1;33m[0m[1;33m[0m[0m
[0;32m     43[0m [1;33m[0m[0m
[1;32m---> 44[1;33m [0mdf_hist[0m [1;33m=[0m [0mgen_gram[0m[1;33m([0m[0mdf_unique[0m[1;33m)[0m[1;33m[0m[1;33m[0m[0m
[0m
[1;32m~\AppData\Local\Temp\ipykernel_15512\1159385978.py[0m in [0;36mgen_gram[1;34m(df)[0m
[0;32m      5[0m     [0mall_text[0m [1;33m=[0m [1;34m' '[0m[1;33m.[0m[0mjoin[0m[1;33m([0m[0mdf[0m[1;33m.[0m[0mvalues[0m[1;33m)[0m[1;33m[0m[1;33m[0m[0m
[0;32m      6[0m     [0mwords[0m [1;33m=[0m [0mall_text[0m[1;33m.[0m[0msplit[0m[1;33m([0m[1;33m)[0m[1;33m[0m[1;33m[0m[0m
[1;32m----> 7[1;33m     [0mword_filt[0m [1;33m=[0m [1;33m[[0m[0mword[0m [1;32mfor[0m [0mword[0m [1;32min[0m [0mwords[0m [1;32mif[0m [0mword[0m[1;33m.[0m[0mlower[0m[1;33m([0m[1;33m)[0m [1;32mnot[0m [1;32min[0m [1;33m[[0m[0mw[0m[1;33m.[0m[0mlower[0m[1;33m([0m[1;33m)[0m [1;32mfor[0m [0mw[0m [1;32min[0m [0mwords_to_remove[0m[1;33m][0m[1;33m][0m[1;33m[0m[1;33m[0m[0m
[0m[0;32m      8[0m [1;33m[0m[0m
[0;32m      9[0m     [1;31m# Count Occurance[0m[1;33m[0m[1;33m[0m[1;33m[0m[0m

[1;32m~\AppData\Local\Temp\ipykernel_15512\1159385978.py[0m in [0;36m<listcomp>[1;34m(.0)[0m
[0;32m      5[0m     [0mall_text[0m [1;33m=[0m [1;34m' '[0m[1;33m.[0m[0mjoin[0m[1;33m([0m[0mdf[0m[1;33m.[0m[0mvalues[0m[1;33m)[0m[1;33m[0m[1;33m[0m[0m
[0;32m      6[0m     [0mwords[0m [1;33m=[0m [0mall_text[0m[1;33m.[0m[0msplit[0m[1;33m([0m[1;33m)[0m[1;33m[0m[1;33m[0m[0m
[1;32m----> 7[1;33m     [0mword_filt[0m [1;33m=[0m [1;33m[[0m[0mword[0m [1;32mfor[0m [0mword[0m [1;32min[0m [0mwords[0m [1;32mif[0m [0mword[0m[1;33m.[0m[0mlower[0m[1;33m([0m[1;33m)[0m [1;32mnot[0m [1;32min[0m [1;33m[[0m[0mw[0m[1;33m.[0m[0mlower[0m[1;33m([0m[1;33m)[0m [1;32mfor[0m [0mw[0m [1;32min[0m [0mwords_to_remove[0m[1;33m][0m[1;33m][0m[1;33m[0m[1;33m[0m[0m
[0m[0;32m      8[0m [1;33m[0m[0m
[0;32m      9[0m     [1;31m# Count Occurance[0m[1;33m[0m[1;33m[0m[1;33m[0m[0m

[1;31mNameError[0m: name 'words_to_remove' is not defined
NameError: name 'words_to_remove' is not defined

